<?xml version="1.0" encoding="UTF-8"?>
<!-- Generated by org.testng.reporters.JUnitXMLReporter -->
<testsuite ignored="0" hostname="DESKTOP-PAPVJ11" failures="1" tests="4" name="firefoxTest" time="22.668" errors="0" timestamp="2020-12-30T16:40:28 IST">
  <testcase classname="parameterization.crossbrowsertest" name="launchbrowser" time="20.354"/>
  <testcase classname="parameterization.crossbrowsertest" name="verifytitle" time="0.033">
    <failure type="java.lang.AssertionError" message="expected [Welcome: Mercury Tours ] but found [Welcome: Mercury Tours]">
      <![CDATA[java.lang.AssertionError: expected [Welcome: Mercury Tours ] but found [Welcome: Mercury Tours]
at parameterization.crossbrowsertest.verifytitle(crossbrowsertest.java:38)
at java.base/java.util.ArrayList.forEach(ArrayList.java:1511)
at java.base/java.util.concurrent.FutureTask.run(FutureTask.java:264)
at java.base/java.util.concurrent.ThreadPoolExecutor.runWorker(ThreadPoolExecutor.java:1130)
at java.base/java.util.concurrent.ThreadPoolExecutor$Worker.run(ThreadPoolExecutor.java:630)
at java.base/java.lang.Thread.run(Thread.java:832)
... Removed 24 stack frames]]>
    </failure>
  </testcase> <!-- verifytitle -->
  <testcase classname="parameterization.crossbrowsertest" name="registration" time="0.003"/>
  <testcase classname="parameterization.crossbrowsertest" name="closebrowser" time="2.145"/>
</testsuite> <!-- firefoxTest -->
