<?xml version="1.0" encoding="UTF-8"?>
<!-- Generated by org.testng.reporters.JUnitXMLReporter -->
<testsuite ignored="0" hostname="DESKTOP-PAPVJ11" failures="1" tests="3" name="Test" time="0.188" errors="0" timestamp="2020-12-31T11:36:25 IST">
  <testcase classname="testnglisteners.logintest" name="setup" time="0.032">
    <failure type="java.lang.AssertionError" message="expected [true] but found [false]">
      <![CDATA[java.lang.AssertionError: expected [true] but found [false]
at testnglisteners.logintest.setup(logintest.java:10)
at java.base/java.util.ArrayList.forEach(ArrayList.java:1511)
... Removed 31 stack frames]]>
    </failure>
  </testcase> <!-- setup -->
  <testcase classname="testnglisteners.logintest" name="loginbyemail" time="0.004"/>
  <testcase classname="testnglisteners.logintest" name="loginbyfacebook" time="0.0">
    <skipped/>
  </testcase> <!-- loginbyfacebook -->
</testsuite> <!-- Test -->
